<?xml version="1.0" encoding="UTF-8"?>
<testng-results skipped="0" failed="1" ignored="0" total="7" passed="6">
  <reporter-output>
  </reporter-output>
  <suite name="TestSuite" duration-ms="52002" started-at="2018-11-07T04:46:18Z" finished-at="2018-11-07T04:47:10Z">
    <groups>
    </groups>
    <test name="TC005_ForgotPassword" duration-ms="37815" started-at="2018-11-07T04:46:18Z" finished-at="2018-11-07T04:46:56Z">
      <class name="testScenarios.TC005_ForgotPassword">
        <test-method status="PASS" signature="setup(java.lang.String)[pri:0, instance:testScenarios.TC005_ForgotPassword@343f4d3d]" name="setup" is-config="true" duration-ms="19555" started-at="2018-11-07T04:46:18Z" finished-at="2018-11-07T04:46:37Z">
          <params>
            <param index="0">
              <value>
                <![CDATA[Chrome]]>
              </value>
            </param>
          </params>
          <reporter-output>
          </reporter-output>
        </test-method> <!-- setup -->
        <test-method status="PASS" signature="WelcomePage()[pri:0, instance:testScenarios.TC005_ForgotPassword@343f4d3d]" name="WelcomePage" duration-ms="7424" started-at="2018-11-07T04:46:37Z" finished-at="2018-11-07T04:46:45Z">
          <reporter-output>
          </reporter-output>
        </test-method> <!-- WelcomePage -->
        <test-method status="PASS" signature="tearDown(org.testng.ITestResult)[pri:0, instance:testScenarios.TC005_ForgotPassword@343f4d3d]" name="tearDown" is-config="true" duration-ms="501" started-at="2018-11-07T04:46:45Z" description="Throw the test execution results into saucelabs" finished-at="2018-11-07T04:46:45Z">
          <params>
            <param index="0">
              <value>
                <![CDATA[[TestResult name=WelcomePage status=SUCCESS method=TC005_ForgotPassword.WelcomePage()[pri:0, instance:testScenarios.TC005_ForgotPassword@343f4d3d] output={null}]]]>
              </value>
            </param>
          </params>
          <reporter-output>
          </reporter-output>
        </test-method> <!-- tearDown -->
        <test-method status="PASS" signature="ForgotPassword()[pri:1, instance:testScenarios.TC005_ForgotPassword@343f4d3d]" name="ForgotPassword" duration-ms="2775" started-at="2018-11-07T04:46:45Z" finished-at="2018-11-07T04:46:48Z">
          <reporter-output>
          </reporter-output>
        </test-method> <!-- ForgotPassword -->
        <test-method status="PASS" signature="tearDown(org.testng.ITestResult)[pri:0, instance:testScenarios.TC005_ForgotPassword@343f4d3d]" name="tearDown" is-config="true" duration-ms="331" started-at="2018-11-07T04:46:48Z" description="Throw the test execution results into saucelabs" finished-at="2018-11-07T04:46:48Z">
          <params>
            <param index="0">
              <value>
                <![CDATA[[TestResult name=ForgotPassword status=SUCCESS method=TC005_ForgotPassword.ForgotPassword()[pri:1, instance:testScenarios.TC005_ForgotPassword@343f4d3d] output={null}]]]>
              </value>
            </param>
          </params>
          <reporter-output>
          </reporter-output>
        </test-method> <!-- tearDown -->
        <test-method status="PASS" signature="ResetLoginDetails()[pri:2, instance:testScenarios.TC005_ForgotPassword@343f4d3d]" name="ResetLoginDetails" duration-ms="6762" started-at="2018-11-07T04:46:48Z" finished-at="2018-11-07T04:46:55Z">
          <reporter-output>
          </reporter-output>
        </test-method> <!-- ResetLoginDetails -->
        <test-method status="PASS" signature="tearDown(org.testng.ITestResult)[pri:0, instance:testScenarios.TC005_ForgotPassword@343f4d3d]" name="tearDown" is-config="true" duration-ms="401" started-at="2018-11-07T04:46:55Z" description="Throw the test execution results into saucelabs" finished-at="2018-11-07T04:46:56Z">
          <params>
            <param index="0">
              <value>
                <![CDATA[[TestResult name=ResetLoginDetails status=SUCCESS method=TC005_ForgotPassword.ResetLoginDetails()[pri:2, instance:testScenarios.TC005_ForgotPassword@343f4d3d] output={null}]]]>
              </value>
            </param>
          </params>
          <reporter-output>
          </reporter-output>
        </test-method> <!-- tearDown -->
      </class> <!-- testScenarios.TC005_ForgotPassword -->
    </test> <!-- TC005_ForgotPassword -->
    <test name="TC006_Register" duration-ms="52002" started-at="2018-11-07T04:46:18Z" finished-at="2018-11-07T04:47:10Z">
      <class name="testScenarios.TC006_Register">
        <test-method status="PASS" signature="setup(java.lang.String)[pri:0, instance:testScenarios.TC006_Register@46d56d67]" name="setup" is-config="true" duration-ms="19956" started-at="2018-11-07T04:46:18Z" finished-at="2018-11-07T04:46:38Z">
          <params>
            <param index="0">
              <value>
                <![CDATA[Chrome]]>
              </value>
            </param>
          </params>
          <reporter-output>
          </reporter-output>
        </test-method> <!-- setup -->
        <test-method status="FAIL" signature="WelcomePage()[pri:0, instance:testScenarios.TC006_Register@46d56d67]" name="WelcomePage" duration-ms="9510" started-at="2018-11-07T04:46:38Z" finished-at="2018-11-07T04:46:47Z">
          <exception class="org.openqa.selenium.StaleElementReferenceException">
            <message>
              <![CDATA[stale element reference: element is not attached to the page document
  (Session info: chrome=70.0.3538.67)
  (Driver info: chromedriver=2.43.600210 (68dcf5eebde37173d4027fa8635e332711d2874a),platform=Windows NT 10.0.10586 x86_64) (WARNING: The server did not provide any stacktrace information)
Command duration or timeout: 0 milliseconds
For documentation on this error, please visit: http://seleniumhq.org/exceptions/stale_element_reference.html
Build info: version: '3.14.0', revision: 'aacccce0', time: '2018-08-02T20:05:20.749Z'
System info: host: 'BDC7-L-4SVCVN2', ip: '192.168.1.2', os.name: 'Windows 10', os.arch: 'amd64', os.version: '10.0', java.version: '1.8.0_181'
Driver info: org.openqa.selenium.remote.RemoteWebDriver
Capabilities {acceptInsecureCerts: false, acceptSslCerts: false, applicationCacheEnabled: false, browserConnectionEnabled: false, browserName: chrome, chrome: {chromedriverVersion: 2.43.600210 (68dcf5eebde371..., userDataDir: C:\Users\ADMINI~1\AppData\L...}, cssSelectorsEnabled: true, databaseEnabled: false, goog:chromeOptions: {debuggerAddress: localhost:49752}, handlesAlerts: true, hasMetadata: true, hasTouchScreen: false, javascriptEnabled: true, locationContextEnabled: true, mobileEmulationEnabled: false, nativeEvents: true, networkConnectionEnabled: false, pageLoadStrategy: normal, platform: XP, platformName: XP, rotatable: false, setWindowRect: true, takesHeapSnapshot: true, takesScreenshot: true, unexpectedAlertBehaviour: , unhandledPromptBehavior: , version: 70.0.3538.67, webStorageEnabled: true, webdriver.remote.sessionid: 9b050e8fa6f94ca6895f34dfbff...}
Session ID: 9b050e8fa6f94ca6895f34dfbffe5184]]>
            </message>
            <full-stacktrace>
              <![CDATA[org.openqa.selenium.StaleElementReferenceException: stale element reference: element is not attached to the page document
  (Session info: chrome=70.0.3538.67)
  (Driver info: chromedriver=2.43.600210 (68dcf5eebde37173d4027fa8635e332711d2874a),platform=Windows NT 10.0.10586 x86_64) (WARNING: The server did not provide any stacktrace information)
Command duration or timeout: 0 milliseconds
For documentation on this error, please visit: http://seleniumhq.org/exceptions/stale_element_reference.html
Build info: version: '3.14.0', revision: 'aacccce0', time: '2018-08-02T20:05:20.749Z'
System info: host: 'BDC7-L-4SVCVN2', ip: '192.168.1.2', os.name: 'Windows 10', os.arch: 'amd64', os.version: '10.0', java.version: '1.8.0_181'
Driver info: org.openqa.selenium.remote.RemoteWebDriver
Capabilities {acceptInsecureCerts: false, acceptSslCerts: false, applicationCacheEnabled: false, browserConnectionEnabled: false, browserName: chrome, chrome: {chromedriverVersion: 2.43.600210 (68dcf5eebde371..., userDataDir: C:\Users\ADMINI~1\AppData\L...}, cssSelectorsEnabled: true, databaseEnabled: false, goog:chromeOptions: {debuggerAddress: localhost:49752}, handlesAlerts: true, hasMetadata: true, hasTouchScreen: false, javascriptEnabled: true, locationContextEnabled: true, mobileEmulationEnabled: false, nativeEvents: true, networkConnectionEnabled: false, pageLoadStrategy: normal, platform: XP, platformName: XP, rotatable: false, setWindowRect: true, takesHeapSnapshot: true, takesScreenshot: true, unexpectedAlertBehaviour: , unhandledPromptBehavior: , version: 70.0.3538.67, webStorageEnabled: true, webdriver.remote.sessionid: 9b050e8fa6f94ca6895f34dfbff...}
Session ID: 9b050e8fa6f94ca6895f34dfbffe5184
at sun.reflect.NativeConstructorAccessorImpl.newInstance0(Native Method)
at sun.reflect.NativeConstructorAccessorImpl.newInstance(Unknown Source)
at sun.reflect.DelegatingConstructorAccessorImpl.newInstance(Unknown Source)
at java.lang.reflect.Constructor.newInstance(Unknown Source)
at org.openqa.selenium.remote.ErrorHandler.createThrowable(ErrorHandler.java:214)
at org.openqa.selenium.remote.ErrorHandler.throwIfResponseFailed(ErrorHandler.java:166)
at org.openqa.selenium.remote.http.JsonHttpResponseCodec.reconstructValue(JsonHttpResponseCodec.java:40)
at org.openqa.selenium.remote.http.AbstractHttpResponseCodec.decode(AbstractHttpResponseCodec.java:80)
at org.openqa.selenium.remote.http.AbstractHttpResponseCodec.decode(AbstractHttpResponseCodec.java:44)
at org.openqa.selenium.remote.HttpCommandExecutor.execute(HttpCommandExecutor.java:158)
at org.openqa.selenium.remote.RemoteWebDriver.execute(RemoteWebDriver.java:548)
at org.openqa.selenium.remote.RemoteWebElement.execute(RemoteWebElement.java:276)
at org.openqa.selenium.remote.RemoteWebElement.getText(RemoteWebElement.java:160)
at sun.reflect.NativeMethodAccessorImpl.invoke0(Native Method)
at sun.reflect.NativeMethodAccessorImpl.invoke(Unknown Source)
at sun.reflect.DelegatingMethodAccessorImpl.invoke(Unknown Source)
at java.lang.reflect.Method.invoke(Unknown Source)
at org.openqa.selenium.support.pagefactory.internal.LocatingElementHandler.invoke(LocatingElementHandler.java:51)
at com.sun.proxy.$Proxy10.getText(Unknown Source)
at pages.HomePage.CheckCurrentPage(HomePage.java:49)
at testScenarios.TC006_Register.WelcomePage(TC006_Register.java:55)
at sun.reflect.NativeMethodAccessorImpl.invoke0(Native Method)
at sun.reflect.NativeMethodAccessorImpl.invoke(Unknown Source)
at sun.reflect.DelegatingMethodAccessorImpl.invoke(Unknown Source)
at java.lang.reflect.Method.invoke(Unknown Source)
at org.testng.internal.MethodInvocationHelper.invokeMethod(MethodInvocationHelper.java:124)
at org.testng.internal.Invoker.invokeMethod(Invoker.java:580)
at org.testng.internal.Invoker.invokeTestMethod(Invoker.java:716)
at org.testng.internal.Invoker.invokeTestMethods(Invoker.java:988)
at org.testng.internal.TestMethodWorker.invokeTestMethods(TestMethodWorker.java:125)
at org.testng.internal.TestMethodWorker.run(TestMethodWorker.java:109)
at org.testng.TestRunner.privateRun(TestRunner.java:648)
at org.testng.TestRunner.run(TestRunner.java:505)
at org.testng.SuiteRunner.runTest(SuiteRunner.java:455)
at org.testng.SuiteRunner.access$000(SuiteRunner.java:40)
at org.testng.SuiteRunner$SuiteWorker.run(SuiteRunner.java:489)
at org.testng.internal.thread.ThreadUtil$1.call(ThreadUtil.java:52)
at java.util.concurrent.FutureTask.run(Unknown Source)
at java.util.concurrent.ThreadPoolExecutor.runWorker(Unknown Source)
at java.util.concurrent.ThreadPoolExecutor$Worker.run(Unknown Source)
at java.lang.Thread.run(Unknown Source)
]]>
            </full-stacktrace>
          </exception> <!-- org.openqa.selenium.StaleElementReferenceException -->
          <reporter-output>
          </reporter-output>
        </test-method> <!-- WelcomePage -->
        <test-method status="PASS" signature="tearDown(org.testng.ITestResult)[pri:0, instance:testScenarios.TC006_Register@46d56d67]" name="tearDown" is-config="true" duration-ms="494" started-at="2018-11-07T04:46:47Z" description="Throw the test execution results into saucelabs" finished-at="2018-11-07T04:46:48Z">
          <params>
            <param index="0">
              <value>
                <![CDATA[[TestResult name=WelcomePage status=FAILURE method=TC006_Register.WelcomePage()[pri:0, instance:testScenarios.TC006_Register@46d56d67] output={null}]]]>
              </value>
            </param>
          </params>
          <reporter-output>
          </reporter-output>
        </test-method> <!-- tearDown -->
        <test-method status="PASS" signature="Register()[pri:1, instance:testScenarios.TC006_Register@46d56d67]" name="Register" duration-ms="2757" started-at="2018-11-07T04:46:48Z" finished-at="2018-11-07T04:46:51Z">
          <reporter-output>
          </reporter-output>
        </test-method> <!-- Register -->
        <test-method status="PASS" signature="tearDown(org.testng.ITestResult)[pri:0, instance:testScenarios.TC006_Register@46d56d67]" name="tearDown" is-config="true" duration-ms="501" started-at="2018-11-07T04:46:51Z" description="Throw the test execution results into saucelabs" finished-at="2018-11-07T04:46:51Z">
          <params>
            <param index="0">
              <value>
                <![CDATA[[TestResult name=Register status=SUCCESS method=TC006_Register.Register()[pri:1, instance:testScenarios.TC006_Register@46d56d67] output={null}]]]>
              </value>
            </param>
          </params>
          <reporter-output>
          </reporter-output>
        </test-method> <!-- tearDown -->
        <test-method status="PASS" signature="LegalNoticeTab()[pri:2, instance:testScenarios.TC006_Register@46d56d67]" name="LegalNoticeTab" duration-ms="8709" started-at="2018-11-07T04:46:51Z" finished-at="2018-11-07T04:47:00Z">
          <reporter-output>
          </reporter-output>
        </test-method> <!-- LegalNoticeTab -->
        <test-method status="PASS" signature="tearDown(org.testng.ITestResult)[pri:0, instance:testScenarios.TC006_Register@46d56d67]" name="tearDown" is-config="true" duration-ms="432" started-at="2018-11-07T04:47:00Z" description="Throw the test execution results into saucelabs" finished-at="2018-11-07T04:47:00Z">
          <params>
            <param index="0">
              <value>
                <![CDATA[[TestResult name=LegalNoticeTab status=SUCCESS method=TC006_Register.LegalNoticeTab()[pri:2, instance:testScenarios.TC006_Register@46d56d67] output={null}]]]>
              </value>
            </param>
          </params>
          <reporter-output>
          </reporter-output>
        </test-method> <!-- tearDown -->
        <test-method status="PASS" signature="SupplierRegistration()[pri:3, instance:testScenarios.TC006_Register@46d56d67]" name="SupplierRegistration" duration-ms="9281" started-at="2018-11-07T04:47:00Z" finished-at="2018-11-07T04:47:09Z">
          <reporter-output>
          </reporter-output>
        </test-method> <!-- SupplierRegistration -->
        <test-method status="PASS" signature="tearDown(org.testng.ITestResult)[pri:0, instance:testScenarios.TC006_Register@46d56d67]" name="tearDown" is-config="true" duration-ms="350" started-at="2018-11-07T04:47:09Z" description="Throw the test execution results into saucelabs" finished-at="2018-11-07T04:47:10Z">
          <params>
            <param index="0">
              <value>
                <![CDATA[[TestResult name=SupplierRegistration status=SUCCESS method=TC006_Register.SupplierRegistration()[pri:3, instance:testScenarios.TC006_Register@46d56d67] output={null}]]]>
              </value>
            </param>
          </params>
          <reporter-output>
          </reporter-output>
        </test-method> <!-- tearDown -->
      </class> <!-- testScenarios.TC006_Register -->
    </test> <!-- TC006_Register -->
  </suite> <!-- TestSuite -->
</testng-results>
